[INFO] Scanning for projects...
[INFO] 
[INFO] ---------------------< com.example:lms-for-rural >----------------------
[INFO] Building lms-for-rural 0.0.1-SNAPSHOT
[INFO]   from pom.xml
[INFO] --------------------------------[ jar ]---------------------------------
[INFO] 
[INFO] >>> spring-boot:3.2.3:run (default-cli) > test-compile @ lms-for-rural >>>
[INFO] 
[INFO] --- resources:3.3.1:resources (default-resources) @ lms-for-rural ---
[INFO] Copying 1 resource from src\main\resources to target\classes
[INFO] Copying 0 resource from src\main\resources to target\classes
[INFO] 
[INFO] --- compiler:3.11.0:compile (default-compile) @ lms-for-rural ---
[INFO] Nothing to compile - all classes are up to date
[INFO] 
[INFO] --- resources:3.3.1:testResources (default-testResources) @ lms-for-rural ---
[INFO] skip non existing resourceDirectory C:\Users\nirru\OneDrive\Desktop\lms for rural\lms-for-rural\src\test\resources
[INFO] 
[INFO] --- compiler:3.11.0:testCompile (default-testCompile) @ lms-for-rural ---
[INFO] Nothing to compile - all classes are up to date
[INFO] 
[INFO] <<< spring-boot:3.2.3:run (default-cli) < test-compile @ lms-for-rural <<<
[INFO] 
[INFO] 
[INFO] --- spring-boot:3.2.3:run (default-cli) @ lms-for-rural ---
[INFO] Attaching agents: []

  .   ____          _            __ _ _
 /\\ / ___'_ __ _ _(_)_ __  __ _ \ \ \ \
( ( )\___ | '_ | '_| | '_ \/ _` | \ \ \ \
 \\/  ___)| |_)| | | | | || (_| |  ) ) ) )
  '  |____| .__|_| |_|_| |_\__, | / / / /
 =========|_|==============|___/=/_/_/_/
 :: Spring Boot ::                (v3.2.3)

2026-03-05T19:39:21.872+05:30  INFO 20812 --- [           main] c.example.demo.LmsForRuralApplication    : Starting LmsForRuralApplication using Java 21.0.8 with PID 20812 (C:\Users\nirru\OneDrive\Desktop\lms for rural\lms-for-rural\target\classes started by nirru in C:\Users\nirru\OneDrive\Desktop\lms for rural\lms-for-rural)
2026-03-05T19:39:21.878+05:30  INFO 20812 --- [           main] c.example.demo.LmsForRuralApplication    : No active profile set, falling back to 1 default profile: "default"
2026-03-05T19:39:24.874+05:30  INFO 20812 --- [           main] .s.d.r.c.RepositoryConfigurationDelegate : Bootstrapping Spring Data JPA repositories in DEFAULT mode.
2026-03-05T19:39:25.049+05:30  INFO 20812 --- [           main] .s.d.r.c.RepositoryConfigurationDelegate : Finished Spring Data repository scanning in 109 ms. Found 0 JPA repository interfaces.
2026-03-05T19:39:28.362+05:30  INFO 20812 --- [           main] o.s.b.w.embedded.tomcat.TomcatWebServer  : Tomcat initialized with port 8080 (http)
2026-03-05T19:39:28.412+05:30  INFO 20812 --- [           main] o.apache.catalina.core.StandardService   : Starting service [Tomcat]
2026-03-05T19:39:28.414+05:30  INFO 20812 --- [           main] o.apache.catalina.core.StandardEngine    : Starting Servlet engine: [Apache Tomcat/10.1.19]
2026-03-05T19:39:28.725+05:30  INFO 20812 --- [           main] o.a.c.c.C.[Tomcat].[localhost].[/]       : Initializing Spring embedded WebApplicationContext
2026-03-05T19:39:28.729+05:30  INFO 20812 --- [           main] w.s.c.ServletWebServerApplicationContext : Root WebApplicationContext: initialization completed in 6762 ms
2026-03-05T19:39:30.450+05:30  INFO 20812 --- [           main] com.zaxxer.hikari.HikariDataSource       : HikariPool-1 - Starting...
2026-03-05T19:39:31.306+05:30  INFO 20812 --- [           main] com.zaxxer.hikari.pool.HikariPool        : HikariPool-1 - Added connection conn0: url=jdbc:h2:mem:d773c36a-5498-4e35-821a-a2618718cc54 user=SA
2026-03-05T19:39:31.313+05:30  INFO 20812 --- [           main] com.zaxxer.hikari.HikariDataSource       : HikariPool-1 - Start completed.
2026-03-05T19:39:31.483+05:30  INFO 20812 --- [           main] o.hibernate.jpa.internal.util.LogHelper  : HHH000204: Processing PersistenceUnitInfo [name: default]
2026-03-05T19:39:31.785+05:30  INFO 20812 --- [           main] org.hibernate.Version                    : HHH000412: Hibernate ORM core version 6.4.4.Final
2026-03-05T19:39:31.940+05:30  INFO 20812 --- [           main] o.h.c.internal.RegionFactoryInitiator    : HHH000026: Second-level cache disabled
2026-03-05T19:39:32.770+05:30  INFO 20812 --- [           main] o.s.o.j.p.SpringPersistenceUnitInfo      : No LoadTimeWeaver setup: ignoring JPA class transformer
2026-03-05T19:39:35.822+05:30  INFO 20812 --- [           main] o.h.e.t.j.p.i.JtaPlatformInitiator       : HHH000489: No JTA platform available (set 'hibernate.transaction.jta.platform' to enable JTA platform integration)
2026-03-05T19:39:36.164+05:30  INFO 20812 --- [           main] j.LocalContainerEntityManagerFactoryBean : Initialized JPA EntityManagerFactory for persistence unit 'default'
2026-03-05T19:39:36.553+05:30  WARN 20812 --- [           main] JpaBaseConfiguration$JpaWebConfiguration : spring.jpa.open-in-view is enabled by default. Therefore, database queries may be performed during view rendering. Explicitly configure spring.jpa.open-in-view to disable this warning
2026-03-05T19:39:37.484+05:30  WARN 20812 --- [           main] .s.s.UserDetailsServiceAutoConfiguration : 

Using generated security password: cd241220-92be-4aa2-a2bb-13eaf85e561f

This generated password is for development use only. Your security configuration must be updated before running your application in production.

2026-03-05T19:39:37.835+05:30  INFO 20812 --- [           main] o.s.s.web.DefaultSecurityFilterChain     : Will secure any request with [org.springframework.security.web.session.DisableEncodeUrlFilter@7bbe5548, org.springframework.security.web.context.request.async.WebAsyncManagerIntegrationFilter@7305a443, org.springframework.security.web.context.SecurityContextHolderFilter@551976c2, org.springframework.security.web.header.HeaderWriterFilter@686ace1f, org.springframework.web.filter.CorsFilter@3ed2a30c, org.springframework.security.web.csrf.CsrfFilter@4615bc00, org.springframework.security.web.authentication.logout.LogoutFilter@4265cbed, org.springframework.security.web.authentication.UsernamePasswordAuthenticationFilter@779cda39, org.springframework.security.web.authentication.ui.DefaultLoginPageGeneratingFilter@20bf7206, org.springframework.security.web.authentication.ui.DefaultLogoutPageGeneratingFilter@adbc3bc, org.springframework.security.web.authentication.www.BasicAuthenticationFilter@5a1a5521, org.springframework.security.web.savedrequest.RequestCacheAwareFilter@5f815f93, org.springframework.security.web.servletapi.SecurityContextHolderAwareRequestFilter@7a8e484b, org.springframework.security.web.authentication.AnonymousAuthenticationFilter@3c6d3ba, org.springframework.security.web.access.ExceptionTranslationFilter@6079d219, org.springframework.security.web.access.intercept.AuthorizationFilter@4cf46574]
2026-03-05T19:39:38.019+05:30  INFO 20812 --- [           main] o.s.b.w.embedded.tomcat.TomcatWebServer  : Tomcat started on port 8080 (http) with context path ''
2026-03-05T19:39:38.037+05:30  INFO 20812 --- [           main] c.example.demo.LmsForRuralApplication    : Started LmsForRuralApplication in 16.86 seconds (process running for 17.869)
